2021-08-20 11:40:50,141 - freqtrade.loggers - INFO - Verbosity set to 0
2021-08-20 11:40:50,142 - freqtrade.configuration.configuration - INFO - Runmode set to dry_run.
2021-08-20 11:40:50,143 - freqtrade.configuration.configuration - INFO - Parameter --db-url detected ...
2021-08-20 11:40:50,144 - freqtrade.configuration.configuration - INFO - Dry run is enabled
2021-08-20 11:40:50,145 - freqtrade.configuration.configuration - INFO - Using DB: "sqlite:////freqtrade/user_data/tradesv3.sqlite"
2021-08-20 11:40:50,154 - freqtrade.configuration.configuration - INFO - Using max_open_trades: 3 ...
2021-08-20 11:40:50,231 - freqtrade.configuration.configuration - INFO - Using user-data directory: /freqtrade/user_data ...
2021-08-20 11:40:50,235 - freqtrade.configuration.directory_operations - INFO - Created data directory: None
2021-08-20 11:40:50,236 - freqtrade.configuration.configuration - INFO - Using data directory: /freqtrade/user_data/data/binance ...
2021-08-20 11:40:50,236 - freqtrade.configuration.check_exchange - INFO - Checking exchange...
2021-08-20 11:40:50,250 - freqtrade.configuration.check_exchange - INFO - Exchange "binance" is officially supported by the Freqtrade development team.
2021-08-20 11:40:50,251 - freqtrade.configuration.configuration - INFO - Using pairlist from configuration.
2021-08-20 11:40:50,251 - freqtrade.freqtradebot - INFO - Starting freqtrade 2021.7
2021-08-20 11:40:50,293 - freqtrade.resolvers.iresolver - INFO - Using resolved strategy SampleStrategy from '/freqtrade/user_data/strategies/sample_strategy.py'...
2021-08-20 11:40:50,295 - freqtrade.strategy.hyper - INFO - Found no parameter file.
2021-08-20 11:40:50,296 - freqtrade.strategy.hyper - INFO - No params for buy found, using default values.
2021-08-20 11:40:50,296 - freqtrade.strategy.hyper - INFO - Strategy Parameter(default): buy_rsi = 30
2021-08-20 11:40:50,297 - freqtrade.strategy.hyper - INFO - No params for sell found, using default values.
2021-08-20 11:40:50,297 - freqtrade.strategy.hyper - INFO - Strategy Parameter(default): sell_rsi = 70
2021-08-20 11:40:50,298 - freqtrade.resolvers.strategy_resolver - INFO - Override strategy 'timeframe' with value in config file: 5m.
2021-08-20 11:40:50,299 - freqtrade.resolvers.strategy_resolver - INFO - Override strategy 'stake_currency' with value in config file: BTC.
2021-08-20 11:40:50,299 - freqtrade.resolvers.strategy_resolver - INFO - Override strategy 'stake_amount' with value in config file: 0.01.
2021-08-20 11:40:50,300 - freqtrade.resolvers.strategy_resolver - INFO - Override strategy 'unfilledtimeout' with value in config file: {'buy': 10, 'sell': 30, 'unit': 'minutes'}.
2021-08-20 11:40:50,300 - freqtrade.resolvers.strategy_resolver - INFO - Strategy using minimal_roi: {'60': 0.01, '30': 0.02, '0': 0.04}
2021-08-20 11:40:50,301 - freqtrade.resolvers.strategy_resolver - INFO - Strategy using timeframe: 5m
2021-08-20 11:40:50,301 - freqtrade.resolvers.strategy_resolver - INFO - Strategy using stoploss: -0.1
2021-08-20 11:40:50,302 - freqtrade.resolvers.strategy_resolver - INFO - Strategy using trailing_stop: False
2021-08-20 11:40:50,302 - freqtrade.resolvers.strategy_resolver - INFO - Strategy using trailing_stop_positive_offset: 0.0
2021-08-20 11:40:50,303 - freqtrade.resolvers.strategy_resolver - INFO - Strategy using trailing_only_offset_is_reached: False
2021-08-20 11:40:50,303 - freqtrade.resolvers.strategy_resolver - INFO - Strategy using use_custom_stoploss: False
2021-08-20 11:40:50,304 - freqtrade.resolvers.strategy_resolver - INFO - Strategy using process_only_new_candles: False
2021-08-20 11:40:50,305 - freqtrade.resolvers.strategy_resolver - INFO - Strategy using order_types: {'buy': 'limit', 'sell': 'limit', 'stoploss': 'market', 'stoploss_on_exchange': False}
2021-08-20 11:40:50,305 - freqtrade.resolvers.strategy_resolver - INFO - Strategy using order_time_in_force: {'buy': 'gtc', 'sell': 'gtc'}
2021-08-20 11:40:50,306 - freqtrade.resolvers.strategy_resolver - INFO - Strategy using stake_currency: BTC
2021-08-20 11:40:50,306 - freqtrade.resolvers.strategy_resolver - INFO - Strategy using stake_amount: 0.01
2021-08-20 11:40:50,307 - freqtrade.resolvers.strategy_resolver - INFO - Strategy using protections: []
2021-08-20 11:40:50,307 - freqtrade.resolvers.strategy_resolver - INFO - Strategy using startup_candle_count: 30
2021-08-20 11:40:50,308 - freqtrade.resolvers.strategy_resolver - INFO - Strategy using unfilledtimeout: {'buy': 10, 'sell': 30, 'unit': 'minutes'}
2021-08-20 11:40:50,308 - freqtrade.resolvers.strategy_resolver - INFO - Strategy using use_sell_signal: True
2021-08-20 11:40:50,308 - freqtrade.resolvers.strategy_resolver - INFO - Strategy using sell_profit_only: False
2021-08-20 11:40:50,309 - freqtrade.resolvers.strategy_resolver - INFO - Strategy using ignore_roi_if_buy_signal: False
2021-08-20 11:40:50,309 - freqtrade.resolvers.strategy_resolver - INFO - Strategy using sell_profit_offset: 0.0
2021-08-20 11:40:50,310 - freqtrade.resolvers.strategy_resolver - INFO - Strategy using disable_dataframe_checks: False
2021-08-20 11:40:50,310 - freqtrade.resolvers.strategy_resolver - INFO - Strategy using ignore_buying_expired_candle_after: 0
2021-08-20 11:40:50,311 - freqtrade.configuration.config_validation - INFO - Validating configuration ...
2021-08-20 11:40:50,314 - freqtrade.exchange.exchange - INFO - Instance is running with dry_run enabled
2021-08-20 11:40:50,315 - freqtrade.exchange.exchange - INFO - Using CCXT 1.53.72
2021-08-20 11:40:50,315 - freqtrade.exchange.exchange - INFO - Applying additional ccxt config: {'enableRateLimit': True}
2021-08-20 11:40:50,329 - freqtrade.exchange.exchange - INFO - Applying additional ccxt config: {'enableRateLimit': True, 'rateLimit': 200}
2021-08-20 11:40:50,339 - freqtrade.exchange.exchange - INFO - Using Exchange "Binance"
2021-08-20 11:40:52,968 - freqtrade.resolvers.exchange_resolver - INFO - Using resolved exchange 'Binance'...
2021-08-20 11:40:53,377 - freqtrade.wallets - INFO - Wallets synced.
2021-08-20 11:40:53,378 - freqtrade.plugins.protectionmanager - INFO - No protection Handlers defined.
2021-08-20 11:40:53,507 - freqtrade.rpc.rpc_manager - INFO - Enabling rpc.telegram ...
2021-08-20 11:40:53,656 - apscheduler.scheduler - INFO - Scheduler started
2021-08-20 11:40:53,846 - freqtrade.rpc.telegram - INFO - rpc.telegram is listening for following commands: [['status'], ['profit'], ['balance'], ['start'], ['stop'], ['forcesell'], ['forcebuy'], ['trades'], ['delete'], ['performance'], ['stats'], ['daily'], ['count'], ['locks'], ['unlock', 'delete_locks'], ['reload_config', 'reload_conf'], ['show_config', 'show_conf'], ['stopbuy'], ['whitelist'], ['blacklist'], ['logs'], ['edge'], ['help'], ['version']]
2021-08-20 11:40:53,852 - freqtrade.resolvers.iresolver - INFO - Using resolved pairlist StaticPairList from '/freqtrade/freqtrade/plugins/pairlist/StaticPairList.py'...
2021-08-20 11:40:53,925 - freqtrade.rpc.rpc_manager - INFO - Sending rpc message: {'type': status, 'status': 'running'}
2021-08-20 11:40:54,400 - freqtrade.rpc.telegram - WARNING - Telegram NetworkError: Chat not found! Trying one more time.
2021-08-20 11:40:54,724 - freqtrade.rpc.telegram - WARNING - TelegramError: Chat not found! Giving up on that message.
2021-08-20 11:40:54,725 - freqtrade.worker - INFO - Changing state to: RUNNING
2021-08-20 11:40:54,727 - freqtrade.rpc.rpc_manager - INFO - Sending rpc message: {'type': warning, 'status': 'Dry run is enabled. All trades are simulated.'}
2021-08-20 11:40:54,977 - freqtrade.rpc.telegram - WARNING - Telegram NetworkError: Chat not found! Trying one more time.
2021-08-20 11:40:55,043 - freqtrade.rpc.telegram - WARNING - TelegramError: Chat not found! Giving up on that message.
2021-08-20 11:40:55,044 - freqtrade.rpc.rpc_manager - INFO - Sending rpc message: {'type': startup, 'status': "*Exchange:* `binance`\n*Stake per trade:* `0.01 BTC`\n*Minimum ROI:* `{'60': 0.01, '30': 0.02, '0': 0.04}`\n*Stoploss:* `-0.1`\n*Timeframe:* `5m`\n*Strategy:* `SampleStrategy`"}
2021-08-20 11:40:55,112 - freqtrade.rpc.telegram - WARNING - Telegram NetworkError: Chat not found! Trying one more time.
2021-08-20 11:40:55,213 - freqtrade.rpc.telegram - WARNING - TelegramError: Chat not found! Giving up on that message.
2021-08-20 11:40:55,214 - freqtrade.rpc.rpc_manager - INFO - Sending rpc message: {'type': startup, 'status': "Searching for BTC pairs to buy and sell based on [{'StaticPairList': 'StaticPairList'}]"}
2021-08-20 11:40:55,285 - freqtrade.rpc.telegram - WARNING - Telegram NetworkError: Chat not found! Trying one more time.
2021-08-20 11:40:55,344 - freqtrade.rpc.telegram - WARNING - TelegramError: Chat not found! Giving up on that message.
2021-08-20 11:41:00,350 - freqtrade.worker - INFO - Bot heartbeat. PID=1, version='2021.7', state='RUNNING'
2021-08-20 11:43:47,721 - freqtrade.loggers - INFO - Verbosity set to 0
2021-08-20 11:43:47,722 - freqtrade.configuration.configuration - INFO - Runmode set to dry_run.
2021-08-20 11:43:47,723 - freqtrade.configuration.configuration - INFO - Parameter --db-url detected ...
2021-08-20 11:43:47,723 - freqtrade.configuration.configuration - INFO - Dry run is enabled
2021-08-20 11:43:47,723 - freqtrade.configuration.configuration - INFO - Using DB: "sqlite:////freqtrade/user_data/tradesv3.sqlite"
2021-08-20 11:43:47,724 - freqtrade.configuration.configuration - INFO - Using max_open_trades: 3 ...
2021-08-20 11:43:47,811 - freqtrade.configuration.configuration - INFO - Using user-data directory: /freqtrade/user_data ...
2021-08-20 11:43:47,815 - freqtrade.configuration.configuration - INFO - Using data directory: /freqtrade/user_data/data/binance ...
2021-08-20 11:43:47,816 - freqtrade.configuration.check_exchange - INFO - Checking exchange...
2021-08-20 11:43:47,862 - freqtrade.configuration.check_exchange - INFO - Exchange "binance" is officially supported by the Freqtrade development team.
2021-08-20 11:43:47,864 - freqtrade.configuration.configuration - INFO - Using pairlist from configuration.
2021-08-20 11:43:47,866 - freqtrade.freqtradebot - INFO - Starting freqtrade 2021.7
2021-08-20 11:43:47,927 - freqtrade.resolvers.iresolver - INFO - Using resolved strategy SampleStrategy from '/freqtrade/user_data/strategies/sample_strategy.py'...
2021-08-20 11:43:47,929 - freqtrade.strategy.hyper - INFO - Found no parameter file.
2021-08-20 11:43:47,929 - freqtrade.strategy.hyper - INFO - No params for buy found, using default values.
2021-08-20 11:43:47,930 - freqtrade.strategy.hyper - INFO - Strategy Parameter(default): buy_rsi = 30
2021-08-20 11:43:47,931 - freqtrade.strategy.hyper - INFO - No params for sell found, using default values.
2021-08-20 11:43:47,931 - freqtrade.strategy.hyper - INFO - Strategy Parameter(default): sell_rsi = 70
2021-08-20 11:43:47,932 - freqtrade.resolvers.strategy_resolver - INFO - Override strategy 'timeframe' with value in config file: 5m.
2021-08-20 11:43:47,933 - freqtrade.resolvers.strategy_resolver - INFO - Override strategy 'stake_currency' with value in config file: BTC.
2021-08-20 11:43:47,933 - freqtrade.resolvers.strategy_resolver - INFO - Override strategy 'stake_amount' with value in config file: 0.01.
2021-08-20 11:43:47,933 - freqtrade.resolvers.strategy_resolver - INFO - Override strategy 'unfilledtimeout' with value in config file: {'buy': 10, 'sell': 30, 'unit': 'minutes'}.
2021-08-20 11:43:47,934 - freqtrade.resolvers.strategy_resolver - INFO - Strategy using minimal_roi: {'60': 0.01, '30': 0.02, '0': 0.04}
2021-08-20 11:43:47,934 - freqtrade.resolvers.strategy_resolver - INFO - Strategy using timeframe: 5m
2021-08-20 11:43:47,935 - freqtrade.resolvers.strategy_resolver - INFO - Strategy using stoploss: -0.1
2021-08-20 11:43:47,935 - freqtrade.resolvers.strategy_resolver - INFO - Strategy using trailing_stop: False
2021-08-20 11:43:47,936 - freqtrade.resolvers.strategy_resolver - INFO - Strategy using trailing_stop_positive_offset: 0.0
2021-08-20 11:43:47,936 - freqtrade.resolvers.strategy_resolver - INFO - Strategy using trailing_only_offset_is_reached: False
2021-08-20 11:43:47,937 - freqtrade.resolvers.strategy_resolver - INFO - Strategy using use_custom_stoploss: False
2021-08-20 11:43:47,938 - freqtrade.resolvers.strategy_resolver - INFO - Strategy using process_only_new_candles: False
2021-08-20 11:43:47,938 - freqtrade.resolvers.strategy_resolver - INFO - Strategy using order_types: {'buy': 'limit', 'sell': 'limit', 'stoploss': 'market', 'stoploss_on_exchange': False}
2021-08-20 11:43:47,939 - freqtrade.resolvers.strategy_resolver - INFO - Strategy using order_time_in_force: {'buy': 'gtc', 'sell': 'gtc'}
2021-08-20 11:43:47,939 - freqtrade.resolvers.strategy_resolver - INFO - Strategy using stake_currency: BTC
2021-08-20 11:43:47,940 - freqtrade.resolvers.strategy_resolver - INFO - Strategy using stake_amount: 0.01
2021-08-20 11:43:47,941 - freqtrade.resolvers.strategy_resolver - INFO - Strategy using protections: []
2021-08-20 11:43:47,941 - freqtrade.resolvers.strategy_resolver - INFO - Strategy using startup_candle_count: 30
2021-08-20 11:43:47,942 - freqtrade.resolvers.strategy_resolver - INFO - Strategy using unfilledtimeout: {'buy': 10, 'sell': 30, 'unit': 'minutes'}
2021-08-20 11:43:47,942 - freqtrade.resolvers.strategy_resolver - INFO - Strategy using use_sell_signal: True
2021-08-20 11:43:47,943 - freqtrade.resolvers.strategy_resolver - INFO - Strategy using sell_profit_only: False
2021-08-20 11:43:47,944 - freqtrade.resolvers.strategy_resolver - INFO - Strategy using ignore_roi_if_buy_signal: False
2021-08-20 11:43:47,944 - freqtrade.resolvers.strategy_resolver - INFO - Strategy using sell_profit_offset: 0.0
2021-08-20 11:43:47,945 - freqtrade.resolvers.strategy_resolver - INFO - Strategy using disable_dataframe_checks: False
2021-08-20 11:43:47,946 - freqtrade.resolvers.strategy_resolver - INFO - Strategy using ignore_buying_expired_candle_after: 0
2021-08-20 11:43:47,946 - freqtrade.configuration.config_validation - INFO - Validating configuration ...
2021-08-20 11:43:47,951 - freqtrade.exchange.exchange - INFO - Instance is running with dry_run enabled
2021-08-20 11:43:47,952 - freqtrade.exchange.exchange - INFO - Using CCXT 1.53.72
2021-08-20 11:43:47,953 - freqtrade.exchange.exchange - INFO - Applying additional ccxt config: {'enableRateLimit': True}
2021-08-20 11:43:47,965 - freqtrade.exchange.exchange - INFO - Applying additional ccxt config: {'enableRateLimit': True, 'rateLimit': 200}
2021-08-20 11:43:47,976 - freqtrade.exchange.exchange - INFO - Using Exchange "Binance"
2021-08-20 11:43:49,893 - freqtrade.resolvers.exchange_resolver - INFO - Using resolved exchange 'Binance'...
2021-08-20 11:43:50,052 - freqtrade.wallets - INFO - Wallets synced.
2021-08-20 11:43:50,053 - freqtrade.plugins.protectionmanager - INFO - No protection Handlers defined.
2021-08-20 11:43:50,186 - freqtrade.resolvers.iresolver - INFO - Using resolved pairlist StaticPairList from '/freqtrade/freqtrade/plugins/pairlist/StaticPairList.py'...
2021-08-20 11:43:50,260 - freqtrade.rpc.rpc_manager - INFO - Sending rpc message: {'type': status, 'status': 'running'}
2021-08-20 11:43:50,261 - freqtrade.worker - INFO - Changing state to: RUNNING
2021-08-20 11:43:50,262 - freqtrade.rpc.rpc_manager - INFO - Sending rpc message: {'type': warning, 'status': 'Dry run is enabled. All trades are simulated.'}
2021-08-20 11:43:50,263 - freqtrade.rpc.rpc_manager - INFO - Sending rpc message: {'type': startup, 'status': "*Exchange:* `binance`\n*Stake per trade:* `0.01 BTC`\n*Minimum ROI:* `{'60': 0.01, '30': 0.02, '0': 0.04}`\n*Stoploss:* `-0.1`\n*Timeframe:* `5m`\n*Strategy:* `SampleStrategy`"}
2021-08-20 11:43:50,264 - freqtrade.rpc.rpc_manager - INFO - Sending rpc message: {'type': startup, 'status': "Searching for BTC pairs to buy and sell based on [{'StaticPairList': 'StaticPairList'}]"}
2021-08-20 11:43:55,270 - freqtrade.worker - INFO - Bot heartbeat. PID=1, version='2021.7', state='RUNNING'
2021-08-20 11:44:55,326 - freqtrade.worker - INFO - Bot heartbeat. PID=1, version='2021.7', state='RUNNING'
2021-08-20 11:45:55,371 - freqtrade.worker - INFO - Bot heartbeat. PID=1, version='2021.7', state='RUNNING'
2021-08-20 11:46:55,425 - freqtrade.worker - INFO - Bot heartbeat. PID=1, version='2021.7', state='RUNNING'
2021-08-20 11:47:55,482 - freqtrade.worker - INFO - Bot heartbeat. PID=1, version='2021.7', state='RUNNING'
2021-08-20 11:48:55,538 - freqtrade.worker - INFO - Bot heartbeat. PID=1, version='2021.7', state='RUNNING'
2021-08-20 11:49:55,595 - freqtrade.worker - INFO - Bot heartbeat. PID=1, version='2021.7', state='RUNNING'
2021-08-20 11:50:55,646 - freqtrade.worker - INFO - Bot heartbeat. PID=1, version='2021.7', state='RUNNING'
2021-08-20 11:51:55,703 - freqtrade.worker - INFO - Bot heartbeat. PID=1, version='2021.7', state='RUNNING'
2021-08-20 11:52:55,761 - freqtrade.worker - INFO - Bot heartbeat. PID=1, version='2021.7', state='RUNNING'
